fix: [UI-2151] Create CustomLinkButton component to hide and show 'View Business Units' button (#2045)
v34.81.0 - Refactoring url builder + unit tests (#2032)
fix: [UI- 2119] Selecting existing projects from ProjectSelect dropdown (#2028)
Revert "fix: [UI-2151] Create CustomLinkButton component to hide and show 'View Business Units' button (#2038)" (#2044)
fix: [UI-2151] Create CustomLinkButton component to hide and show 'View Business Units' button (#2038)
v34.79.3 - fix: [UI-2381] set empty target in custom template (#2043)
v34.79.2 - fix: [UI-2365] change default quota from 10 to 100 (#2041)
v34.79.1 - fix: [UI-2262] salesforce chat loading incorrectly (#2030)
fix: [UI-2372] - Error message when lower than supply cost (#2040)
v34.77.5 - fix: [UI-2317] gql interpolation - other components (#2012)
v34.77.4 - fix: [UI-2151] use accessTypes from the shared folder (#2017)
v34.77.3 - fix: [UI-2319] allow price lowering suggestions (#2031)
v34.77.2 - fix: [UI-2160] Show audience template on IM survey creation (#2037)
v34.77.1 - fix: [UI-2316] gql interpolation - survey dashboard and withIdentify hook (#2011)
v34.77.0 - Survey CPI field logic (#2036)
v34.76.0 - Typo cancel form automation (#2033)
v34.75.0 - Remove surveyAutomation from DetailsSetupRequirements (#2026)
v34.74.0 - FormAutomation test (#2023)
v34.73.4 - fix: [UI-2315] gql interpolation - survey details (#2010)
v34.73.3 - fix: [UI-2314] gql interpolation - survey launch checklist (#2009)