v34.60.1 - remove console.log from prd (#1997)
v34.60.0 - Details Survey Group Refactor (#1987)
v34.59.0 - feat: [UI-1840] Total Entrants for Survey Quotas Header (#1991)
v34.58.0 - feat: [UI-1838] creating Auto Increment Dialog Form (#1989)
v34.57.1 - fix: [UI-2261] special character on zip code (#1992)
v34.57.0 - feat: [UI-2207] All locales enabled (#1968)
v34.56.8 - fix: [UI-2225] dont open survey creation modal when press enter (#1976)
v34.56.7 - Survey Group Select Refactor (#1977)
v34.56.6 - Refactor Account Select (#1986)
v34.57.0 - feat: updated missing ProgressBars from js files (#1988)
feat: updating Lucidium breaking change 11.2.0 (#1979)
fix: [UI-2158] Redirect to Details Page when coming from Supply page (#1980)
v34.56.4
fix: [UI-2235] Dont open modal on click download (#1975)
fix: changes survey specs refresh all estimation (#1974)
v34.56.3
v34.56.2
feat: polyfill for better support on IE browsers (#1983)
fix: Re-add catch to survey history request (#1985)
Revert "v34.56.2 - Refactor Account Select (#1972)" (#1984)
v34.56.2 - Refactor Account Select (#1972)
v34.56.1 - Add error handling for validateBeforeTime and validateAfterTime (#1981)
v34.56.0 - Support Multiple Goals: UI implementation Hooks (#1967)
v34.55.0 -  Support Multiple Goals: GraphQL implementation (#1943)