v35.10.3- fix: [UI-2386] - UrlBuilder RISN bug (#2105)
v35.10.2 - Upload Parser style and logic for bulk rec (#2095)
v35.10.1 - Surveys must be complete dialog and Audience minor update (#2092)
v35.11.0 - Add new Audience goal (#2103)
v35.10.0 - feat: [UI-2411] Update audience template package to 4.15.0 (#2090)
v35.9.1 - Remove FeatureFlag in ChecklistBody (#2104)
v35.9.0: [UI-2401] - set dynamically settings (#2102)
fix: [UI-2612] - Pace Goal GraphQL (#2099)
v35.6.3 - fix: [UI-2392] No show price suggestion on yellow/red states (#2106)
v35.6.2 - fix: [UI-2119] prevent projects from disappearing in ProjectSelect  (#2079)
 v35.6.1 - fix: [UI-2487] issues creating surveys (#2101)
v35.6.0: [UI-2400] - make FA visible for everyone (#2082)
v35.5.1 - refact: [UI-2354] - SurveyLaunchChecklist GraphQL Refactor (#2083)
v35.4.0 - feat: [UI-2613] adding csv export for survey quotas (#2100)
v35.3.0 - feat: [UI-1903] Add TextInput isMulti on SingleValue for ZIP questions (#2089)
v35.2.1 - refact: [UI-2611] TestSurveyModal (#2096)
v35.2.0 - fix: [UI-2232] - 2 decimals  (#2098)
v35.1.0 - fix: [UI-2394] - Add missing currency object in reports and allocation (#2097)
v35.0.2 - fix: [UI-2609] Test url (#2094)
v35.0.1 - fix: [UI-2478] update roles on supplier status change (#2091)
refact: [UI-2094] - Refactoring of SurveyHeader (#1936)
v34.100.0 - Bulk Rec Container and basic logic (#2088)