v34.73.2 - fix: [UI-2313] gql interpolation - survey header (#2008)
v34.73.1 - fix: [UI-2318] [UI-2320] Changes on price suggestions (#2021)
v34.73.0 - Fix Automation expandable bug (#2027)
v34.72.0 - feat: [UI-2179] forcing refetch on change log after survey details has updated (#2022)
v34.71.2 - fix: [UI-2342] handle response status 404 (#2025)
fix: [UI-2342] handle response status 404 (#2024)
v34.71.1 - fix: [UI-2312] gql interpolation - selects (#2007)
fix: [UI-2322] - support status 404 return (#2019)
v34.70.0 - AutomationExpandableCard values (#2020)
v34.69.0 - add split io for allowed_goals (#2015)
 v34.68.3 - fix: [UI-2151] Admins should have read only access to Business Units (#2016)
v34.68.2 - fix: [UI-2154] adding refetch on submit success to avoid fee duplication (#2014)
v34.68.1 - Fixed disappearing target packages in ssm (#2018)
v34.68.0 - remove legacy SA dependencies (#2013)
[UI-2119] add hasDefaultManager prop on ManagerSelect (#2005)
v34.67.1 - refact: [UI-2252] - refactor SurveyLaunchChecklist JSX (#1995)
v34.67.0 - refact: [UI-2200] Improve share link (#1993)
v34.66.0 - feat: [UI-2255] update audience template to 4.11.0 (#1990)
v34.65.1 - FA config hook no-cache policy (#2006)
v34.65.0 - Implement FA hook, update FA hook (#1999)