--bcbb1a77--2021-04-15--Marco Rosner
5	1	src/client/pages/Reach/ReachForm/components/ProjectedCompletes/components/PriceRange.tsx

--c5bcde6b--2021-04-15--Emanuel Larini
2	2	src/client/components/Navigation/NavMenu.js
3	3	src/client/components/Selects/AccountSelect/AccountSelect.tsx
81	0	src/client/components/Selects/MonthSelect/MonthSelect.tsx
1	0	src/client/components/Selects/MonthSelect/index.ts
71	0	src/client/components/Selects/YearSelect/YearSelect.tsx
1	0	src/client/components/Selects/YearSelect/index.ts
2	0	src/client/components/Selects/index.js
28	6	src/client/components/SubNavigation/lib/SubNavigationPages.ts
9	6	src/client/components/SubNavigation/lib/getSubNavigationItems.ts
2	1	src/client/graphql-schema.ts
1	0	src/client/graphql/queries/identify.ts
7	0	src/client/lib/abilities.js
1	0	src/client/lib/env.js
1	0	src/client/pages/AccountSettings/data/query.gql
82	0	src/client/pages/Reports/AccountingPeriodField.tsx
11	0	src/client/pages/Reports/BuySide/BusinessUnitSampleBought/BusinessUnitSampleBoughtContainer.tsx
1	0	src/client/pages/Reports/BuySide/BusinessUnitSampleBought/index.ts
22	0	src/client/pages/Reports/ExportReportDownloadButton.tsx
32	0	src/client/pages/Reports/ReportsBasePage.tsx
38	0	src/client/pages/Reports/ReportsFlagWrapper.tsx
212	0	src/client/pages/Reports/ReportsForm.test.tsx
84	0	src/client/pages/Reports/ReportsForm.tsx
54	0	src/client/pages/Reports/ReportsMarketplaceSampleReportContainer.tsx
11	0	src/client/pages/Reports/SellSide/MarketplaceSampleSold/MarketplaceSampleSoldContainer.tsx
1	0	src/client/pages/Reports/SellSide/MarketplaceSampleSold/index.ts
90	0	src/client/pages/Reports/constants.ts
1	0	src/client/pages/Reports/hooks/index.ts
65	0	src/client/pages/Reports/hooks/useLazyGetAccountCreateDate.ts
104	0	src/client/pages/Reports/utils.test.ts
112	0	src/client/pages/Reports/utils.ts
1	1	src/client/pages/SurveyQuotas/SurveyQuotasHeader/SurveyQuotasHeader.tsx
36	0	src/client/pages/index.js
2	1	src/server/lib/clientEnv.js
9	0	src/setupProxy.js
2	1	src/shared/featureFlags.js

--e118824e--2021-04-15--Olivier
2	2	src/client/pages/SurveyDetails/DetailsSetupRequirements/DetailsSetupRequirements.tsx
19	0	src/client/pages/SurveyDetails/DetailsSetupRequirements/lib/__tests__/shouldDisable.test.ts
1	0	src/client/pages/SurveyDetails/DetailsSetupRequirements/lib/index.ts
15	0	src/client/pages/SurveyDetails/DetailsSetupRequirements/lib/shouldDisable.ts

--c6bf878c--2021-04-15--Olivier
1	1	src/client/components/AccountImpersonate/AccountImpersonate.js
15	9	src/client/components/SurveyAutomationDialog/FormAutomation/lib/getInitialValues.ts
2	2	src/client/hooks/useGetFieldingAssistantConfigQuery.ts

--486a2b0e--2021-04-15--Olivier
14	2	src/client/components/SurveyAutomationDialog/FormAutomation/hooks/useUpdateFieldingAssistantConfigMutation.ts

--084265f5--2021-04-15--Olivier
1	1	src/client/components/AccountImpersonate/AccountImpersonate.js
12	30	src/client/components/SurveyAutomationDialog/FormAutomation/FormAutomation.tsx
3	3	src/client/components/SurveyAutomationDialog/FormAutomation/components/FieldingAssistantBody/components/AutomationType.tsx
59	0	src/client/components/SurveyAutomationDialog/FormAutomation/lib/__tests__/getInitialValues.test.ts
2	2	src/client/components/SurveyAutomationDialog/FormAutomation/lib/getFieldingAssistantNewConfig.ts
26	0	src/client/components/SurveyAutomationDialog/FormAutomation/lib/getInitialValues.ts
1	0	src/client/components/SurveyAutomationDialog/FormAutomation/lib/index.ts
1	1	src/client/components/SurveyAutomationDialog/FormAutomation/types/types.ts
1	1	src/client/graphql-schema.ts
2	2	src/client/hooks/useGetFieldingAssistantConfigQuery.ts
1	1	src/server/api/schema/types/fieldingAssistantConfig.js

--0ba686db--2021-04-14--Vagner Santana

--4f0c4001--2021-04-14--Marco Rosner
1	2	src/client/App.js
2	1	src/client/components/AccountImpersonate/AccountImpersonateProvider.js
2	1	src/client/components/AccountSelect/index.js
1	2	src/client/components/Analytics/Analytics.tsx
9	34	src/client/components/AutomationExpandableCard/__mocks__/AutomationExpandableCard.data.ts
32	14	src/client/components/AutomationExpandableCard/__tests__/AutomationExpandableCard.test.tsx
122	2652	src/client/components/AutomationExpandableCard/__tests__/__snapshots__/AutomationExpandableCard.test.tsx.snap
1	1	src/client/components/CloneSurveyModal/index.js
2	1	src/client/components/CountrySelect/index.js
6	1	src/client/components/DetailsExternalNameModal/index.js
2	1	src/client/components/ManagerSelect/index.js
2	1	src/client/components/Navigation/AccountImpersonateDropdown/index.js
1	1	src/client/components/Navigation/Navigation.js
1	1	src/client/components/ProjectSelect/index.js
2	3	src/client/components/QueryInput/index.js
5	2	src/client/components/Selects/AccountSelect/hooks/useGetAccounts.ts
2	1	src/client/components/Selects/AccountSupplierSelect/index.js
2	1	src/client/components/Selects/AccountTypeSelect/index.js
1	2	src/client/components/Selects/AudienceTemplateSelect/index.tsx
2	4	src/client/components/Selects/BusinessUnitSelect/useBusinessUnits.ts
2	1	src/client/components/Selects/ClientSelect/index.js
3	1	src/client/components/Selects/CountryLanguageSelect/useCountryLanguages.ts
2	1	src/client/components/Selects/CountrySelect/index.js
3	1	src/client/components/Selects/IndustryLockoutSelect/useIndustryLockoutSelect.ts
3	1	src/client/components/Selects/IndustrySelect/useIndustrySelect.ts
3	1	src/client/components/Selects/ManagerSelect/useManagerSelect.ts
1	2	src/client/components/Selects/ProjectSelect/hooks/useProjectsSearch.ts
2	3	src/client/components/Selects/QueryInput/index.js
2	1	src/client/components/Selects/StateSelect/index.js
3	1	src/client/components/Selects/StudyTypeSelect/useStudyTypeSelect.ts
2	1	src/client/components/Selects/SupplierLinkTypeSelect/index.js
2	1	src/client/components/Selects/SupplierManagerSelect/index.js
2	1	src/client/components/Selects/SupplierSelect/index.js
2	1	src/client/components/Selects/SupplierTrackingTypeSelect/index.js
2	1	src/client/components/Selects/SupplierUnassociatedSelect/index.js
2	1	src/client/components/Selects/SupplierWithCustomGridSelect/index.js
2	1	src/client/components/Selects/SurveySupplierSelect/index.js
2	1	src/client/components/Selects/TargetSelect/index.js
2	1	src/client/components/Selects/UserAccountSelect/index.js
1	1	src/client/components/Selects/lib/refetchField.ts
4	1	src/client/components/SubNavigation/hooks/useAccountQuery.ts
7	2	src/client/components/SurveyAutomationDialog/FormAutomation/hooks/useDeleteFieldingAssistantConfigMutation.ts
4	1	src/client/components/SurveyAutomationDialog/FormAutomation/hooks/useGetFieldingAssistantGoalsQuery.ts
4	1	src/client/components/SurveyAutomationDialog/FormAutomation/hooks/useSupplierFinancesQuery.ts
5	2	src/client/components/SurveyAutomationDialog/FormAutomation/hooks/useUpdateFieldingAssistantConfigMutation.ts
1	1	src/client/components/SurveyAutomationDialog/FormAutomation/lib/__tests__/getButtonText.test.ts
1	1	src/client/components/SurveyAutomationDialog/FormAutomation/lib/getButtonText.ts
0	13	src/client/components/SurveyAutomationDialog/data/updateAutomationState.ts
2	1	src/client/components/SurveyHeader/components/Header.tsx
4	1	src/client/components/SurveyHeader/hooks/useGetProject.ts
3	1	src/client/components/SurveyHeader/hooks/useGetSurvey.ts
4	2	src/client/components/SurveyHeader/hooks/useUpdateSurvey.ts
48	88	src/client/components/SurveyLaunchChecklist/__mocks__/MockChecklistData.js
74	46	src/client/components/SurveyLaunchChecklist/__tests__/SurveyLaunchChecklist.spec.js
3	1	src/client/components/SurveyLaunchChecklist/hooks/useGetLaunchChecklist/useGetLaunchChecklist.ts
4	1	src/client/components/SurveyLaunchChecklist/hooks/useGetSurveyQualifications.ts
3	1	src/client/components/SurveyLaunchChecklist/hooks/useGetTargets/useGetTargets.ts
4	1	src/client/components/SurveyLaunchChecklist/hooks/useGetValidateTargetPackage.ts
1	1	src/client/data/hoc/withIdentity.js
1	1	src/client/graphql/lib/create-afterware-link.js
4	8	src/client/graphql/lib/create-apollo-client.js
21	14	src/client/graphql/lib/create-cache.js
1	1	src/client/graphql/lib/create-error-link.js
2	2	src/client/graphql/lib/create-http-link.js
1	4	src/client/hooks/index.ts
4	2	src/client/hooks/useAdHocSurveyMutation.ts
47	0	src/client/hooks/useAutomationStateQuery.ts
4	1	src/client/hooks/useBusinessQuery.ts
4	2	src/client/hooks/useEditSurveyCalcType.ts
4	1	src/client/hooks/useGetFieldingAssistantConfigList.ts
4	1	src/client/hooks/useGetFieldingAssistantConfigQuery.ts
3	1	src/client/hooks/useIdentity.ts
0	18	src/client/hooks/useMockHook.tsx
1	1	src/client/pages/AccountSettings/AccountChangelog/index.js
6	10	src/client/pages/AccountSettings/AccountDetails/AccountDemand/AccountDemandFilters/AccountDemandFilters.test.tsx
1	1	src/client/pages/AccountSettings/AccountDetails/AccountDemand/AccountDemandLineChart/index.js
2	1	src/client/pages/AccountSettings/AccountSettingsProvider.js
2	1	src/client/pages/AccountsList/AccountsList/index.js
2	1	src/client/pages/AllocationTemplates/AllocationTemplatesProvider.js
2	1	src/client/pages/AllocationTemplates/SupplierGroupDialog/index.js
2	1	src/client/pages/AllocationTemplates/SupplierGroups/index.js
1	1	src/client/pages/BusinessUnitDetails/BusinessUnitDetailsProvider.js
2	1	src/client/pages/BusinessUnitsList/BusinessUnitsList/index.js
2	1	src/client/pages/ClientContactDetails/ClientContactDetailsProvider.js
1	1	src/client/pages/ClientContactsList/ClientContactsListProvider.js
2	1	src/client/pages/ClientDetails/ClientDetailsProvider.js
2	1	src/client/pages/ClientsList/ClientsList/index.js
2	1	src/client/pages/ProjectDetails/ProjectDetailsProvider.js
2	1	src/client/pages/ProjectDetails/ProjectSurveysList/ProjectSurveysListProvider.js
2	1	src/client/pages/ProjectsList/ProjectsList/index.js
0	101	src/client/pages/Reach/hooks/__tests__/useAudienceEstimateLazyQuery.test.tsx
3	1	src/client/pages/Reach/hooks/useAudienceEstimateLazyQuery.ts
2	1	src/client/pages/Reach/hooks/useAudienceTemplatesQuery.ts
3	1	src/client/pages/Reach/hooks/useAudiencesQuery.ts
3	1	src/client/pages/Reach/hooks/useModelVersionQuery.ts
3	1	src/client/pages/Reach/hooks/useReachLocalesQuery.ts
3	1	src/client/pages/Reach/hooks/useReachQuestionsQuery.ts
3	1	src/client/pages/Reach/hooks/useReachQuestionsSearchQuery.ts
3	1	src/client/pages/Reach/hooks/useSurveyEstimatesLazyQuery.ts
3	1	src/client/pages/Reach/hooks/useTemplateQuery.ts
2	1	src/client/pages/ReportsDashboard/Analysis/ActivityAnalysis/ActivityBarChart/index.js
1	2	src/client/pages/ReportsDashboard/Analysis/AnalysisHeader/ExportReports/ExportReports.js
2	1	src/client/pages/ReportsDashboard/Analysis/AnalysisProvider.js
1	1	src/client/pages/ReportsDashboard/Analysis/DataAnalysis/index.js
1	1	src/client/pages/ReportsDashboard/Analysis/LOIAnalysis/CompletionLOIEditDialogButton/CompletionLOIEditDialog.js
1	1	src/client/pages/ReportsDashboard/Analysis/RateAnalysis/IncidenceRateEditDialogButton/IncidenceRateEditDialog.js
3	1	src/client/pages/ReportsDashboard/Financial/hook/useSupplierFinancesQuery.ts
2	1	src/client/pages/ReportsDashboard/ReportsDashboardProvider.js
2	1	src/client/pages/SupplierAccountAssociation/AssociatedSuppliers/index.js
2	1	src/client/pages/SupplierAccountAssociation/index.js
2	1	src/client/pages/SupplierDetails/SupplierDetailsProvider.js
1	1	src/client/pages/SupplierLinkDetails/RedirectUrls/index.js
2	1	src/client/pages/SupplierLinkDetails/SupplierLinkDetailsProvider.js
2	1	src/client/pages/SupplierSurveysList/SupplierSurveysList/index.js
2	1	src/client/pages/SuppliersLinksList/SuppliersLinksDialog/index.js
2	1	src/client/pages/SuppliersLinksList/SuppliersLinksTable/index.js
2	1	src/client/pages/SuppliersList/SuppliersList/index.js
2	1	src/client/pages/SuppliersSettings/OptimizerSettings/SupplierSettingsOptimizerProvider.js
2	1	src/client/pages/SuppliersSettings/PriceGrid/PriceGridProvider.js
2	1	src/client/pages/SuppliersSettings/SuppliersSettingsProvider.js
1	1	src/client/pages/Survey/index.js
2	1	src/client/pages/SurveyAllocations/ExternalSupplySources/ExternalSupplySourcesProvider.js
1	1	src/client/pages/SurveyAllocations/ExternalSupplySources/components/TargetFormFields/index.js
1	1	src/client/pages/SurveyAllocations/MarketplaceLinkDialog/index.js
2	1	src/client/pages/SurveyAllocations/SupplierGroupDialog/index.js
2	1	src/client/pages/SurveyAllocations/SupplierGroups/components/ImportTemplateMenu/index.js
2	1	src/client/pages/SurveyAllocations/SupplierGroups/index.js
2	1	src/client/pages/SurveyAllocations/SurveyAllocationsHeader/index.js
2	1	src/client/pages/SurveyAllocations/SurveyAllocationsProvider.js
1	1	src/client/pages/SurveyDetails/DetailsChangelog/hooks/useSurveyHistory.ts
1	1	src/client/pages/SurveyDetails/DetailsChangelog/lib/types.ts
15	8	src/client/pages/SurveyDetails/DetailsExpectedMetrics/__tests__/DetailsExpecedMetrics.test.js
1	1	src/client/pages/SurveyDetails/DetailsInFieldData/hooks/useProjectStats.ts
1	1	src/client/pages/SurveyDetails/DetailsInFieldData/hooks/useSurveyStats.ts
30	44	src/client/pages/SurveyDetails/DetailsPeople/DetailsPeople.spec.js
1	1	src/client/pages/SurveyDetails/DetailsPeople/DetailsPeople.tsx
27	27	src/client/pages/SurveyDetails/DetailsPeople/__snapshots__/DetailsPeople.spec.js.snap
1	1	src/client/pages/SurveyDetails/DetailsProjectSettings/hooks/useProjectDetails.ts
7	1	src/client/pages/SurveyDetails/DetailsProvider.js
1	1	src/client/pages/SurveyDetails/DetailsSetupRequirements/DetailsSetupRequirements.tsx
9	34	src/client/pages/SurveyDetails/DetailsSetupRequirements/__mocks__/DetailsSetupRequirements.data.ts
8	22	src/client/pages/SurveyDetails/DetailsSetupRequirements/__mocks__/useBusinessUnitDetails.data.ts
13	7	src/client/pages/SurveyDetails/DetailsSetupRequirements/__tests__/ConfirmBusinessUnitDialog.test.tsx
36	24	src/client/pages/SurveyDetails/DetailsSetupRequirements/__tests__/DetailsSetupRequirements.test.tsx
2	1	src/client/pages/SurveyDetails/DetailsSetupRequirements/hooks/useGetBusinessUnitDetails.ts
3	1	src/client/pages/SurveyDetails/DetailsSurveyGroups/SurveyGroupCards/SurveyGroupCard/hooks/useGroupSurveyCount.ts
2	1	src/client/pages/SurveyDetails/DetailsSurveyGroups/SurveyGroupSelect/hooks/useGetSurveyGroups.ts
2	1	src/client/pages/SurveyGroups/SurveyGroupsList/index.js
4	1	src/client/pages/SurveyQuotas/AutoIncrementDialog/AutoIncrementDialog.tsx
3	2	src/client/pages/SurveyQuotas/AutoIncrementDialog/AutoIncrementForm/AutoIncrementForm.tsx
3	1	src/client/pages/SurveyQuotas/SurveyQuotas.tsx
1	1	src/client/pages/SurveyQuotas/SurveyQuotasFormTable/SurveyQuotasFormTable.tsx
1	1	src/client/pages/SurveyQuotas/SurveyQuotasFormTable/SurveyQuotasTable.tsx
1	1	src/client/pages/SurveyQuotas/SurveyQuotasFormTable/SurveyQuotasTableActions/SurveyQuotasTableActions.tsx
4	1	src/client/pages/SurveyQuotas/SurveyQuotasHeader/EditAutoIncrementBtn.tsx
8	3	src/client/pages/SurveyQuotas/SurveyQuotasHeader/SurveyQuotasHeader.tsx
5	3	src/client/pages/SurveyQuotas/hooks/useAutoIncrementMutation.ts
6	4	src/client/pages/SurveyQuotas/hooks/useQuotaDeleteMutation.ts
9	4	src/client/pages/SurveyQuotas/hooks/useQuotaDuplicateMutation.ts
5	3	src/client/pages/SurveyQuotas/hooks/useQuotaLockMutation.ts
5	3	src/client/pages/SurveyQuotas/hooks/useQuotaMutation.ts
5	3	src/client/pages/SurveyQuotas/hooks/useQuotaOrderMutation.ts
6	4	src/client/pages/SurveyQuotas/hooks/useQuotaRestrictionMutation.ts
3	1	src/client/pages/SurveyQuotas/hooks/useSurveyEntrantsQuery.ts
3	1	src/client/pages/SurveyQuotas/hooks/useSurveyQuery.ts
3	1	src/client/pages/SurveyQuotas/hooks/useSurveyQuotasQuery.ts
2	1	src/client/pages/SurveySupplierAllocationsDetails/SurveySupplierAllocationsProvider.js
2	1	src/client/pages/SurveyWizard/Legacy/AudienceTemplateSelect/index.js
7	16	src/client/pages/SurveyWizard/Legacy/SurveyWizard.spec.js
2	1	src/client/pages/SurveyWizard/Legacy/index.js
1	1	src/client/pages/SurveyWizard/QQQ/WizardForm/WizardForm.tsx
2	1	src/client/pages/SurveyWizard/QQQ/index.js
1	1	src/client/pages/SurveysDashboard/Filters/index.js
1	1	src/client/pages/SurveysDashboard/SurveyStatusTabs/index.js
1	1	src/client/pages/SurveysDashboard/SurveysTable/BulkEditor/index.js
8	3	src/client/pages/SurveysDashboard/SurveysTable/BulkReconciliationDialog/hooks/useReconcileSurveys/useReconcileSurveys.ts
2	2	src/client/pages/SurveysDashboard/SurveysTable/BulkReconciliationDialog/hooks/useSurveyStats/useSurveyStats.ts
1	1	src/client/pages/SurveysDashboard/SurveysTable/ExportCsvDialog/index.js
1	1	src/client/pages/SurveysDashboard/SurveysTable/ExportPdfDialog/hooks/useExportPdf.tsx
1	1	src/client/pages/SurveysDashboard/SurveysTable/SurveyRow/index.js
1	1	src/client/pages/SurveysDashboard/SurveysTable/SurveysTableProvider.js
1	1	src/client/pages/Targets/QuestionsSearch/QuestionsSearch.tsx
2	1	src/client/pages/Targets/SubHeader/index.js
1	2	src/client/pages/Targets/TargetEditor/TargetEditor.tsx
1	1	src/client/pages/Targets/TargetsForm/TargetsForm.tsx
2	1	src/client/pages/Targets/TargetsForm/index.js
2	1	src/client/pages/TeamDirectory/People/index.js
2	1	src/client/pages/UserDetails/UserDetailsAuthorizations/index.js
2	1	src/client/pages/UserDetails/UserDetailsProvider.js
437	1363	src/shared/schemaIntrospection.json

--58bdd701--2021-04-13--Marco Rosner

--05d84002--2021-04-13--Marco Rosner
2	2	src/client/components/AutomationExpandableCard/__tests__/__snapshots__/AutomationExpandableCard.test.tsx.snap

--de2eb4fe--2021-04-13--Marco Rosner
2	1	src/client/App.js
1	2	src/client/components/AccountImpersonate/AccountImpersonateProvider.js
1	2	src/client/components/AccountSelect/index.js
2	1	src/client/components/Analytics/Analytics.tsx
34	9	src/client/components/AutomationExpandableCard/__mocks__/AutomationExpandableCard.data.ts
14	32	src/client/components/AutomationExpandableCard/__tests__/AutomationExpandableCard.test.tsx
2652	122	src/client/components/AutomationExpandableCard/__tests__/__snapshots__/AutomationExpandableCard.test.tsx.snap
1	1	src/client/components/CloneSurveyModal/index.js
1	2	src/client/components/CountrySelect/index.js
1	6	src/client/components/DetailsExternalNameModal/index.js
1	2	src/client/components/ManagerSelect/index.js
1	2	src/client/components/Navigation/AccountImpersonateDropdown/index.js
1	1	src/client/components/Navigation/Navigation.js
1	1	src/client/components/ProjectSelect/index.js
3	2	src/client/components/QueryInput/index.js
2	5	src/client/components/Selects/AccountSelect/hooks/useGetAccounts.ts
1	2	src/client/components/Selects/AccountSupplierSelect/index.js
1	2	src/client/components/Selects/AccountTypeSelect/index.js
2	1	src/client/components/Selects/AudienceTemplateSelect/index.tsx
4	2	src/client/components/Selects/BusinessUnitSelect/useBusinessUnits.ts
1	2	src/client/components/Selects/ClientSelect/index.js
1	3	src/client/components/Selects/CountryLanguageSelect/useCountryLanguages.ts
1	2	src/client/components/Selects/CountrySelect/index.js
1	3	src/client/components/Selects/IndustryLockoutSelect/useIndustryLockoutSelect.ts
1	3	src/client/components/Selects/IndustrySelect/useIndustrySelect.ts
1	3	src/client/components/Selects/ManagerSelect/useManagerSelect.ts
2	1	src/client/components/Selects/ProjectSelect/hooks/useProjectsSearch.ts
3	2	src/client/components/Selects/QueryInput/index.js
1	2	src/client/components/Selects/StateSelect/index.js
1	3	src/client/components/Selects/StudyTypeSelect/useStudyTypeSelect.ts
1	2	src/client/components/Selects/SupplierLinkTypeSelect/index.js
1	2	src/client/components/Selects/SupplierManagerSelect/index.js
1	2	src/client/components/Selects/SupplierSelect/index.js
1	2	src/client/components/Selects/SupplierTrackingTypeSelect/index.js
1	2	src/client/components/Selects/SupplierUnassociatedSelect/index.js
1	2	src/client/components/Selects/SupplierWithCustomGridSelect/index.js
1	2	src/client/components/Selects/SurveySupplierSelect/index.js
1	2	src/client/components/Selects/TargetSelect/index.js
1	2	src/client/components/Selects/UserAccountSelect/index.js
1	1	src/client/components/Selects/lib/refetchField.ts
1	4	src/client/components/SubNavigation/hooks/useAccountQuery.ts
2	7	src/client/components/SurveyAutomationDialog/FormAutomation/hooks/useDeleteFieldingAssistantConfigMutation.ts
1	4	src/client/components/SurveyAutomationDialog/FormAutomation/hooks/useGetFieldingAssistantGoalsQuery.ts
1	4	src/client/components/SurveyAutomationDialog/FormAutomation/hooks/useSupplierFinancesQuery.ts
2	5	src/client/components/SurveyAutomationDialog/FormAutomation/hooks/useUpdateFieldingAssistantConfigMutation.ts
1	1	src/client/components/SurveyAutomationDialog/FormAutomation/lib/__tests__/getButtonText.test.ts
1	1	src/client/components/SurveyAutomationDialog/FormAutomation/lib/getButtonText.ts
13	0	src/client/components/SurveyAutomationDialog/data/updateAutomationState.ts
1	2	src/client/components/SurveyHeader/components/Header.tsx
1	4	src/client/components/SurveyHeader/hooks/useGetProject.ts
1	3	src/client/components/SurveyHeader/hooks/useGetSurvey.ts
2	4	src/client/components/SurveyHeader/hooks/useUpdateSurvey.ts
88	48	src/client/components/SurveyLaunchChecklist/__mocks__/MockChecklistData.js
46	74	src/client/components/SurveyLaunchChecklist/__tests__/SurveyLaunchChecklist.spec.js
1	3	src/client/components/SurveyLaunchChecklist/hooks/useGetLaunchChecklist/useGetLaunchChecklist.ts
1	4	src/client/components/SurveyLaunchChecklist/hooks/useGetSurveyQualifications.ts
1	3	src/client/components/SurveyLaunchChecklist/hooks/useGetTargets/useGetTargets.ts
1	4	src/client/components/SurveyLaunchChecklist/hooks/useGetValidateTargetPackage.ts
1	1	src/client/data/hoc/withIdentity.js
1	1	src/client/graphql/lib/create-afterware-link.js
8	4	src/client/graphql/lib/create-apollo-client.js
14	21	src/client/graphql/lib/create-cache.js
1	1	src/client/graphql/lib/create-error-link.js
2	2	src/client/graphql/lib/create-http-link.js
4	1	src/client/hooks/index.ts
2	4	src/client/hooks/useAdHocSurveyMutation.ts
0	47	src/client/hooks/useAutomationStateQuery.ts
1	4	src/client/hooks/useBusinessQuery.ts
2	4	src/client/hooks/useEditSurveyCalcType.ts
1	4	src/client/hooks/useGetFieldingAssistantConfigList.ts
1	4	src/client/hooks/useGetFieldingAssistantConfigQuery.ts
1	3	src/client/hooks/useIdentity.ts
18	0	src/client/hooks/useMockHook.tsx
1	1	src/client/pages/AccountSettings/AccountChangelog/index.js
10	6	src/client/pages/AccountSettings/AccountDetails/AccountDemand/AccountDemandFilters/AccountDemandFilters.test.tsx
1	1	src/client/pages/AccountSettings/AccountDetails/AccountDemand/AccountDemandLineChart/index.js
1	2	src/client/pages/AccountSettings/AccountSettingsProvider.js
1	2	src/client/pages/AccountsList/AccountsList/index.js
1	2	src/client/pages/AllocationTemplates/AllocationTemplatesProvider.js
1	2	src/client/pages/AllocationTemplates/SupplierGroupDialog/index.js
1	2	src/client/pages/AllocationTemplates/SupplierGroups/index.js
1	1	src/client/pages/BusinessUnitDetails/BusinessUnitDetailsProvider.js
1	2	src/client/pages/BusinessUnitsList/BusinessUnitsList/index.js
1	2	src/client/pages/ClientContactDetails/ClientContactDetailsProvider.js
1	1	src/client/pages/ClientContactsList/ClientContactsListProvider.js
1	2	src/client/pages/ClientDetails/ClientDetailsProvider.js
1	2	src/client/pages/ClientsList/ClientsList/index.js
1	2	src/client/pages/ProjectDetails/ProjectDetailsProvider.js
1	2	src/client/pages/ProjectDetails/ProjectSurveysList/ProjectSurveysListProvider.js
1	2	src/client/pages/ProjectsList/ProjectsList/index.js
101	0	src/client/pages/Reach/hooks/__tests__/useAudienceEstimateLazyQuery.test.tsx
1	3	src/client/pages/Reach/hooks/useAudienceEstimateLazyQuery.ts
1	2	src/client/pages/Reach/hooks/useAudienceTemplatesQuery.ts
1	3	src/client/pages/Reach/hooks/useAudiencesQuery.ts
1	3	src/client/pages/Reach/hooks/useModelVersionQuery.ts
1	3	src/client/pages/Reach/hooks/useReachLocalesQuery.ts
1	3	src/client/pages/Reach/hooks/useReachQuestionsQuery.ts
1	3	src/client/pages/Reach/hooks/useReachQuestionsSearchQuery.ts
1	3	src/client/pages/Reach/hooks/useSurveyEstimatesLazyQuery.ts
1	3	src/client/pages/Reach/hooks/useTemplateQuery.ts
1	2	src/client/pages/ReportsDashboard/Analysis/ActivityAnalysis/ActivityBarChart/index.js
2	1	src/client/pages/ReportsDashboard/Analysis/AnalysisHeader/ExportReports/ExportReports.js
1	2	src/client/pages/ReportsDashboard/Analysis/AnalysisProvider.js
1	1	src/client/pages/ReportsDashboard/Analysis/DataAnalysis/index.js
1	1	src/client/pages/ReportsDashboard/Analysis/LOIAnalysis/CompletionLOIEditDialogButton/CompletionLOIEditDialog.js
1	1	src/client/pages/ReportsDashboard/Analysis/RateAnalysis/IncidenceRateEditDialogButton/IncidenceRateEditDialog.js
1	3	src/client/pages/ReportsDashboard/Financial/hook/useSupplierFinancesQuery.ts
1	2	src/client/pages/ReportsDashboard/ReportsDashboardProvider.js
1	2	src/client/pages/SupplierAccountAssociation/AssociatedSuppliers/index.js
1	2	src/client/pages/SupplierAccountAssociation/index.js
1	2	src/client/pages/SupplierDetails/SupplierDetailsProvider.js
1	1	src/client/pages/SupplierLinkDetails/RedirectUrls/index.js
1	2	src/client/pages/SupplierLinkDetails/SupplierLinkDetailsProvider.js
1	2	src/client/pages/SupplierSurveysList/SupplierSurveysList/index.js
1	2	src/client/pages/SuppliersLinksList/SuppliersLinksDialog/index.js
1	2	src/client/pages/SuppliersLinksList/SuppliersLinksTable/index.js
1	2	src/client/pages/SuppliersList/SuppliersList/index.js
1	2	src/client/pages/SuppliersSettings/OptimizerSettings/SupplierSettingsOptimizerProvider.js
1	2	src/client/pages/SuppliersSettings/PriceGrid/PriceGridProvider.js
1	2	src/client/pages/SuppliersSettings/SuppliersSettingsProvider.js
1	1	src/client/pages/Survey/index.js
1	2	src/client/pages/SurveyAllocations/ExternalSupplySources/ExternalSupplySourcesProvider.js
1	1	src/client/pages/SurveyAllocations/ExternalSupplySources/components/TargetFormFields/index.js
1	1	src/client/pages/SurveyAllocations/MarketplaceLinkDialog/index.js
1	2	src/client/pages/SurveyAllocations/SupplierGroupDialog/index.js
1	2	src/client/pages/SurveyAllocations/SupplierGroups/components/ImportTemplateMenu/index.js
1	2	src/client/pages/SurveyAllocations/SupplierGroups/index.js
1	2	src/client/pages/SurveyAllocations/SurveyAllocationsHeader/index.js
1	2	src/client/pages/SurveyAllocations/SurveyAllocationsProvider.js
1	1	src/client/pages/SurveyDetails/DetailsChangelog/hooks/useSurveyHistory.ts
1	1	src/client/pages/SurveyDetails/DetailsChangelog/lib/types.ts
8	15	src/client/pages/SurveyDetails/DetailsExpectedMetrics/__tests__/DetailsExpecedMetrics.test.js
1	1	src/client/pages/SurveyDetails/DetailsInFieldData/hooks/useProjectStats.ts
1	1	src/client/pages/SurveyDetails/DetailsInFieldData/hooks/useSurveyStats.ts
44	30	src/client/pages/SurveyDetails/DetailsPeople/DetailsPeople.spec.js
1	1	src/client/pages/SurveyDetails/DetailsPeople/DetailsPeople.tsx
27	27	src/client/pages/SurveyDetails/DetailsPeople/__snapshots__/DetailsPeople.spec.js.snap
1	1	src/client/pages/SurveyDetails/DetailsProjectSettings/hooks/useProjectDetails.ts
1	7	src/client/pages/SurveyDetails/DetailsProvider.js
1	1	src/client/pages/SurveyDetails/DetailsSetupRequirements/DetailsSetupRequirements.tsx
34	9	src/client/pages/SurveyDetails/DetailsSetupRequirements/__mocks__/DetailsSetupRequirements.data.ts
22	8	src/client/pages/SurveyDetails/DetailsSetupRequirements/__mocks__/useBusinessUnitDetails.data.ts
7	13	src/client/pages/SurveyDetails/DetailsSetupRequirements/__tests__/ConfirmBusinessUnitDialog.test.tsx
24	36	src/client/pages/SurveyDetails/DetailsSetupRequirements/__tests__/DetailsSetupRequirements.test.tsx
1	2	src/client/pages/SurveyDetails/DetailsSetupRequirements/hooks/useGetBusinessUnitDetails.ts
1	3	src/client/pages/SurveyDetails/DetailsSurveyGroups/SurveyGroupCards/SurveyGroupCard/hooks/useGroupSurveyCount.ts
1	2	src/client/pages/SurveyDetails/DetailsSurveyGroups/SurveyGroupSelect/hooks/useGetSurveyGroups.ts
1	2	src/client/pages/SurveyGroups/SurveyGroupsList/index.js
1	4	src/client/pages/SurveyQuotas/AutoIncrementDialog/AutoIncrementDialog.tsx
2	3	src/client/pages/SurveyQuotas/AutoIncrementDialog/AutoIncrementForm/AutoIncrementForm.tsx
1	3	src/client/pages/SurveyQuotas/SurveyQuotas.tsx
1	1	src/client/pages/SurveyQuotas/SurveyQuotasFormTable/SurveyQuotasFormTable.tsx
1	1	src/client/pages/SurveyQuotas/SurveyQuotasFormTable/SurveyQuotasTable.tsx
1	1	src/client/pages/SurveyQuotas/SurveyQuotasFormTable/SurveyQuotasTableActions/SurveyQuotasTableActions.tsx
1	4	src/client/pages/SurveyQuotas/SurveyQuotasHeader/EditAutoIncrementBtn.tsx
3	8	src/client/pages/SurveyQuotas/SurveyQuotasHeader/SurveyQuotasHeader.tsx
3	5	src/client/pages/SurveyQuotas/hooks/useAutoIncrementMutation.ts
4	6	src/client/pages/SurveyQuotas/hooks/useQuotaDeleteMutation.ts
4	9	src/client/pages/SurveyQuotas/hooks/useQuotaDuplicateMutation.ts
3	5	src/client/pages/SurveyQuotas/hooks/useQuotaLockMutation.ts
3	5	src/client/pages/SurveyQuotas/hooks/useQuotaMutation.ts
3	5	src/client/pages/SurveyQuotas/hooks/useQuotaOrderMutation.ts
4	6	src/client/pages/SurveyQuotas/hooks/useQuotaRestrictionMutation.ts
1	3	src/client/pages/SurveyQuotas/hooks/useSurveyEntrantsQuery.ts
1	3	src/client/pages/SurveyQuotas/hooks/useSurveyQuery.ts
1	3	src/client/pages/SurveyQuotas/hooks/useSurveyQuotasQuery.ts
1	2	src/client/pages/SurveySupplierAllocationsDetails/SurveySupplierAllocationsProvider.js
1	2	src/client/pages/SurveyWizard/Legacy/AudienceTemplateSelect/index.js
16	7	src/client/pages/SurveyWizard/Legacy/SurveyWizard.spec.js
1	2	src/client/pages/SurveyWizard/Legacy/index.js
1	1	src/client/pages/SurveyWizard/QQQ/WizardForm/WizardForm.tsx
1	2	src/client/pages/SurveyWizard/QQQ/index.js
1	1	src/client/pages/SurveysDashboard/Filters/index.js
1	1	src/client/pages/SurveysDashboard/SurveyStatusTabs/index.js
1	1	src/client/pages/SurveysDashboard/SurveysTable/BulkEditor/index.js
3	8	src/client/pages/SurveysDashboard/SurveysTable/BulkReconciliationDialog/hooks/useReconcileSurveys/useReconcileSurveys.ts
2	2	src/client/pages/SurveysDashboard/SurveysTable/BulkReconciliationDialog/hooks/useSurveyStats/useSurveyStats.ts
1	1	src/client/pages/SurveysDashboard/SurveysTable/ExportCsvDialog/index.js
1	1	src/client/pages/SurveysDashboard/SurveysTable/ExportPdfDialog/hooks/useExportPdf.tsx
1	1	src/client/pages/SurveysDashboard/SurveysTable/SurveyRow/index.js
1	1	src/client/pages/SurveysDashboard/SurveysTable/SurveysTableProvider.js
1	1	src/client/pages/Targets/QuestionsSearch/QuestionsSearch.tsx
1	2	src/client/pages/Targets/SubHeader/index.js
2	1	src/client/pages/Targets/TargetEditor/TargetEditor.tsx
1	1	src/client/pages/Targets/TargetsForm/TargetsForm.tsx
1	2	src/client/pages/Targets/TargetsForm/index.js
1	2	src/client/pages/TeamDirectory/People/index.js
1	2	src/client/pages/UserDetails/UserDetailsAuthorizations/index.js
1	2	src/client/pages/UserDetails/UserDetailsProvider.js
1363	437	src/shared/schemaIntrospection.json

--d8a190eb--2021-04-13--Vagner Santana
18	2	src/client/components/ErrorBoundary/index.js
7	10	src/client/pages/Reach/ReachForm/components/SurveyCreationModal/SurveyCreationContent.tsx
6	2	src/client/pages/SurveyAllocations/ExternalSupplySources/ExternalSupplySourcesContainer.js
15	6	src/server/api/models/legacyAllocations.js

--425ca550--2021-04-13--Vagner Santana

--6dd83396--2021-04-13--Olivier
1	1	src/client/components/AccountImpersonate/AccountImpersonate.js

--8c09509d--2021-04-12--Rose Espiritu
7	0	src/client/pages/SurveyGroupDetails/SurveyGroupDetails.tsx
5	0	src/client/pages/SurveyGroupDetails/index.tsx
22	3	src/client/pages/SurveyGroups/SurveyGroupsList/SurveyGroupsList.js
10	0	src/client/pages/index.js
2	1	src/shared/featureFlags.js

--52b49ee5--2021-04-12--Olivier
2	6	src/client/components/AutomationExpandableCard/lib/getMaxBudget.ts
5	5	src/client/components/SurveyAutomationDialog/FormAutomation/FormAutomation.tsx
11	16	src/client/components/SurveyAutomationDialog/FormAutomation/components/FieldingAssistantBody/components/ExposedSurveyId.tsx
1	1	src/client/components/SurveyAutomationDialog/FormAutomation/hooks/useUpdateFieldingAssistantConfigMutation.ts
4	2	src/client/components/SurveyAutomationDialog/FormAutomation/lib/__tests__/getFieldingAssistantNewConfig.test.ts
7	11	src/client/components/SurveyAutomationDialog/FormAutomation/lib/getFieldingAssistantNewConfig.ts
31	12	src/client/components/SurveyAutomationDialog/FormAutomation/lib/validateField.ts
3	2	src/client/components/SurveyAutomationDialog/FormAutomation/types/types.ts
10	8	src/client/graphql-schema.ts
1	0	src/client/hooks/useGetFieldingAssistantConfigQuery.ts
4	2	src/server/api/schema/types/fieldingAssistantConfig.js
